C51 COMPILER V9.59.0.0   ANJIAN                                                            04/08/2022 09:39:33 PAGE 1   


C51 COMPILER V9.59.0.0, COMPILATION OF MODULE ANJIAN
OBJECT MODULE PLACED IN .\Objects\anjian.obj
COMPILER INVOKED BY: D:\Keil_v5\C51\BIN\C51.EXE anjian.c OPTIMIZE(8,SPEED) BROWSE DEBUG OBJECTEXTEND PRINT(.\Listings\an
                    -jian.lst) TABS(2) OBJECT(.\Objects\anjian.obj)

line level    source

   1          /*****************************************************************************
   2          File name: anjian
   3          Description: 按键接口与数码管输出
   4          Author: 熊康
   5          Version: V1.0
   6          Date: 2022.4.8
   7          *****************************************************************************/
   8          #include <C8051F020.H>
   9          #include"ZLG7289.h"
  10          #include"Digital.h"
*** WARNING C318 IN LINE 10 OF anjian.c: can't open file 'Digital.h'
  11          #include<intrins.h>
  12          
  13          unsigned char key;        //按键值
  14          unsigned char datt=0;     //待显示数据
  15          unsigned char seg_nf=0xFE;//闪烁数码管
  16          char seg_n=0;             //当前选中数码管
  17          char mode=0xFF;           //显示模式
  18          
  19          void delay_ms (int n){
  20   1      
  21   1        int i=0,j=0;
  22   1        for(i=0;i<n;i++)
  23   1        for(j=0;j<3000;j++)
  24   1        ;
  25   1      }
  26          void Port_Init();
  27          void Sys_clk();
  28          void WatchDog_Init();
  29          void Reset();               //复位函数
  30          void main(void)
  31            {
  32   1          unsigned char i=0;
  33   1          WatchDog_Init();
  34   1          Sys_clk();
  35   1          Port_Init();
  36   1          //初始化芯片
  37   1          ZLG7289_Init(40);
  38   1          delay_ms(30);
  39   1          //复位ZLG7289
  40   1          ZLG7289_Reset();
  41   1          delay_ms(30);
  42   1        
  43   1        while(1) 
  44   1          {
  45   2          if(key != 0xFF)
  46   2            {
  47   3              //键值在0-9之间，显示在数码管上，传给datt
  48   3            if(key >= 0 && key <= 9)
  49   3              datt=key;
  50   3            else
  51   3              {
  52   4              switch(key)
  53   4                {
C51 COMPILER V9.59.0.0   ANJIAN                                                            04/08/2022 09:39:33 PAGE 2   

  54   5                case 10: seg_n--; break; //数码管左移
  55   5                case 11: seg_n++; break; //数码管右移
  56   5                case 12: mode=1;  break; //切换到显示模式1
  57   5                case 13: mode=2;  break;
  58   5                case 14: mode=3;  break;
  59   5                case 15: Reset(); break; //复位
  60   5                default: break; 
  61   5                }
  62   4              }
  63   3          if(seg_n>7)seg_n=0;
  64   3          if(seg_n<0)seg_n=7;
  65   3          key=0xff;
  66   3            }
  67   2            /*++++如果显示模式已改变，且无按键按下循环执行如下代码块+++++++*/
  68   2            // key值由中断函数控制，当其改变时，跳出while 循环
  69   2            while(mode!=0xff&&key==0xff)
  70   2              {
  71   3          switch(mode){
  72   4            case 1:
  73   4              digital_mod_01();
*** WARNING C206 IN LINE 73 OF anjian.c: 'digital_mod_01': missing function-prototype
  74   4              delay_ms(500);
  75   4            case 2:
  76   4              digital_mod_user();
*** WARNING C206 IN LINE 76 OF anjian.c: 'digital_mod_user': missing function-prototype
  77   4              delay_ms(500);
  78   4            case 3:
  79   4              digital_loop_move();
*** WARNING C206 IN LINE 79 OF anjian.c: 'digital_loop_move': missing function-prototype
  80   4              delay_ms(500);
  81   4            break;
  82   4            default:
  83   4            break;
  84   4          }
  85   3        }
  86   2              //当函数是从while循环跳出时，执行下面if语句，将mode清零
  87   2        if(mode!=0xff&&key!=0xff)
  88   2          mode=0xff;
  89   2        //控制数码管闪烁位，设为当前选中位
  90   2        for(i=0,seg_nf=0xfe;i<seg_n;i++)
  91   2        {
  92   3          seg_nf <<=1;
  93   3          seg_nf |=0x01;
  94   3        }
  95   2        ZLG7289_Reset();
  96   2        ZLG7289_Flash(seg_nf);
  97   2        ZLG7289_Download(1,seg_n,0,datt);
  98   2        delay_ms(50);
  99   2      }
 100   1      }
 101            //端口配置初始化函数
 102          void Port_Init()
 103          {
 104   1        XBR2=0x40;
 105   1        P3MDOUT=0X00; //设置P3端口为数字输入
 106   1        EIE2=0X20;    //打开外部中断IN7，其端口为P3^7
 107   1        EA=1;         //开总中断
 108   1      }
 109          //外部晶振初始化函数
 110          void Sys_clk()
 111          {
 112   1        int i;
C51 COMPILER V9.59.0.0   ANJIAN                                                            04/08/2022 09:39:33 PAGE 3   

 113   1        OSCXCN=0x67;
 114   1        for(i=0;i<3000;i++);
 115   1        while ((OSCXCN&0x80)==0);
 116   1        OSCICN=0x0c;
 117   1      }
 118          
 119          //关闭看门狗初始化函数
 120          void WatchDog_Init()
 121          {
 122   1        EA=0;
 123   1        WDTCN=0xde;
 124   1        WDTCN=0xad;
 125   1        EA=1;
 126   1      }
 127          
 128          //复位重置函数
 129          void Reset()
 130          {
 131   1        ZLG7289_Reset();
 132   1        seg_n=0;
 133   1        seg_nf=0xfe;
 134   1        datt=0;
 135   1      }
 136          
 137          //外部中断7服务函数
 138          //芯片检测到按键按下，通过P3^7端口产生外部中断信号
 139          void INT7_ISR(void)interrupt 19
 140          {
 141   1        EA=0;       //关闭总中断
 142   1        key=ZLG7289_Key();//获取键值
 143   1        if(key>=0&&key<=9)
 144   1          datt=key;
 145   1        P3IF&=0x7f;     //清零中断标志位
 146   1        EA=1;           //打开总中断
 147   1      }


MODULE INFORMATION:   STATIC OVERLAYABLE
   CODE SIZE        =    491    ----
   CONSTANT SIZE    =   ----    ----
   XDATA SIZE       =   ----    ----
   PDATA SIZE       =   ----    ----
   DATA SIZE        =      5       1
   IDATA SIZE       =   ----    ----
   BIT SIZE         =   ----    ----
END OF MODULE INFORMATION.


C51 COMPILATION COMPLETE.  4 WARNING(S),  0 ERROR(S)
