C51 COMPILER V9.59.0.0   ZLG7289                                                           04/08/2022 09:46:36 PAGE 1   


C51 COMPILER V9.59.0.0, COMPILATION OF MODULE ZLG7289
OBJECT MODULE PLACED IN .\Objects\ZLG7289.obj
COMPILER INVOKED BY: D:\Keil_v5\C51\BIN\C51.EXE ZLG7289.c OPTIMIZE(8,SPEED) BROWSE DEBUG OBJECTEXTEND PRINT(.\Listings\Z
                    -LG7289.lst) TABS(2) OBJECT(.\Objects\ZLG7289.obj)

line level    source

   1          #include <C8051F020.H>
   2          #include "ZLG7289.h"
   3          //定义一个全局变量，用于延时
   4          //该变量在调用函数ZLG7289_Init()时被初始化
   5          unsigned char ZLG7289_Delay_t;
   6          /*
   7          宏定义：ZLG7289_ShortDelay()
   8          功能：短延时
   9          说明：延时(ZLG7289_Delay_t*2+2)个机器周期
  10          */
  11          #define ZLG7289_ShortDelay() \
  12          {\
  13          unsigned char t = ZLG7289_Delay_t;\
  14          while ( --t != 0 );\
  15          }
  16          /*
  17          宏定义：ZLG7289_LongDelay()
  18          功能：长延时
  19          说明：延时(ZLG7289_Delay_t*12+8)个机器周期
  20          */
  21          #define ZLG7289_LongDelay() \
  22          {\
  23          unsigned char t = ZLG7289_Delay_t * 6;\
  24          while ( --t != 0 );\
  25          }
  26          /*
  27          函数：ZLG7289_SPI_Write()
  28          功能：向SPI 总线写入1 个字节的数据
  29          参数：
  30          dat：要写入的数据
  31          */
  32          void ZLG7289_SPI_Write(char dat)    // reentrant//去除可重入属性，否则程序不能正常运行
  33          {
  34   1      unsigned char t = 8;
  35   1      do
  36   1      {
  37   2      ZLG7289_pinDIO = (bit)(dat & 0x80);
  38   2      dat <<= 1;
  39   2      ZLG7289_pinCLK = 1;
  40   2      ZLG7289_ShortDelay();
  41   2      ZLG7289_pinCLK = 0;
  42   2      ZLG7289_ShortDelay();
  43   2      } while ( --t != 0 );
  44   1      }
  45          /*
  46          函数：ZLG7289_SPI_Read()
  47          功能：从SPI 总线读取1 个字节的数据
  48          返回：
  49          读取到的数据
  50          */
  51          char ZLG7289_SPI_Read()      //reentrant //   去除可重入属性，否则程序不能正常运行
  52          {
  53   1      char dat;
  54   1      unsigned char t = 8;
C51 COMPILER V9.59.0.0   ZLG7289                                                           04/08/2022 09:46:36 PAGE 2   

  55   1      ZLG7289_pinDIO = 1; //读取数据之前DIO 引脚要置1 以切换到输入状态
  56   1      do
  57   1      {
  58   2      ZLG7289_pinCLK = 1;
  59   2      ZLG7289_ShortDelay();
  60   2      dat <<= 1;
  61   2      if ( ZLG7289_pinDIO ) dat++;
  62   2      ZLG7289_pinCLK = 0;
  63   2      ZLG7289_ShortDelay();
  64   2      } while ( --t != 0 );
  65   1      return dat;
  66   1      }
  67          /*
  68          函数：ZLG7289_cmd()
  69          功能：执行ZLG7289 纯指令
  70          参数：
  71          cmd：命令字
  72          */
  73          void ZLG7289_cmd(char cmd)
  74          {
  75   1      char sav = IE;
  76   1      IE &= 0xFA; //关闭外部中断
  77   1      ZLG7289_pinCS = 0;
  78   1      ZLG7289_LongDelay();
  79   1      ZLG7289_SPI_Write(cmd);
  80   1      ZLG7289_pinCS = 1;
  81   1      ZLG7289_LongDelay();
  82   1      IE = sav; //恢复IE
  83   1      }
  84          /*
  85          函数：ZLG7289_cmd_dat()
  86          功能：执行ZLG7289 带数据指令
  87          参数：
  88          cmd：命令字
  89          dat：数据
  90          */
  91          void ZLG7289_cmd_dat(char cmd, char dat)
  92          {
  93   1      char sav = IE;
  94   1      IE &= 0xFA; //关闭外部中断
  95   1      ZLG7289_pinCS = 0;
  96   1      ZLG7289_LongDelay();
  97   1      ZLG7289_SPI_Write(cmd);
  98   1      ZLG7289_LongDelay();
  99   1      ZLG7289_SPI_Write(dat);
 100   1      ZLG7289_pinCS = 1;
 101   1      ZLG7289_LongDelay();
 102   1      IE = sav; //恢复IE
 103   1      }
 104          /*
 105          函数：ZLG7289_Download()
 106          功能：下载数据
 107          参数：
 108          mod=0：下载数据且按方式0 译码
 109          mod=1：下载数据且按方式1 译码
 110          mod=2：下载数据但不译码
 111          x：数码管编号（横坐标），取值0～7
 112          dp=0：小数点不亮
 113          dp=1：小数点亮
 114          dat：要显示的数据
 115          说明：
 116          译码方式的具体含义请参考数据手册
C51 COMPILER V9.59.0.0   ZLG7289                                                           04/08/2022 09:46:36 PAGE 3   

 117          */
 118          void ZLG7289_Download(unsigned char mod, char x, bit dp, char dat)
 119          {
 120   1      code char ModDat[3] = {0x80,0xC8,0x90};
 121   1      char d1;
 122   1      char d2;
 123   1      if ( mod > 2 ) mod = 2;
 124   1      d1 = ModDat[mod];
 125   1      x &= 0x07;
 126   1      d1 |= x;
 127   1      d2 = dat & 0x7F;
 128   1      if ( dp ) d2 |= 0x80;
 129   1      ZLG7289_cmd_dat(d1,d2);
 130   1      }
 131          /*
 132          功能：执行ZLG7289 键盘命令
 133          返回：
 134          返回读到的按键值：0～63
 135          如果返回0xFF 则表示没有键按下
 136          */
 137          char ZLG7289_Key()      //reentrant  //去除可重入属性，否则程序不能正常运行
 138          {
 139   1      char key;
 140   1      ZLG7289_pinCS = 0;
 141   1      ZLG7289_LongDelay();
 142   1      ZLG7289_SPI_Write(0x15);
 143   1      ZLG7289_LongDelay();
 144   1      key = ZLG7289_SPI_Read();
 145   1      ZLG7289_pinCS = 1;
 146   1      ZLG7289_LongDelay();
 147   1      return key;
 148   1      }
 149          /*
 150          函数：ZLG7289_Init()
 151          功能：ZLG7289 初始化
 152          参数：
 153          t：SPI 总线的延时值设置，取值1-40（超出范围可能导致错误）
 154          说明：
 155          t的取值可以参照以下公式：t >= 5 * f1 / f2，其中f1 表示80C51 的
 156          晶振频率，f2 表示ZLG7289 的晶振频率
 157          */
 158          void ZLG7289_Init(unsigned char t)
 159          {
 160   1      unsigned char x;
 161   1      //I/O 口初始化
 162   1      ZLG7289_pinCS = 1;
 163   1      ZLG7289_pinCLK = 0;
 164   1      ZLG7289_pinDIO = 1;
 165   1      ZLG7289_pinINT = 1;
 166   1      //延时初始化
 167   1      ZLG7289_Delay_t = t;
 168   1      //点亮所有数码管
 169   1      for ( x=0; x<8; x++ )
 170   1      {
 171   2      ZLG7289_Download(1,x,1,8);
 172   2      }
 173   1      }
 174          


MODULE INFORMATION:   STATIC OVERLAYABLE
   CODE SIZE        =    312    ----
C51 COMPILER V9.59.0.0   ZLG7289                                                           04/08/2022 09:46:36 PAGE 4   

   CONSTANT SIZE    =      3    ----
   XDATA SIZE       =   ----    ----
   PDATA SIZE       =   ----    ----
   DATA SIZE        =      1       8
   IDATA SIZE       =   ----    ----
   BIT SIZE         =   ----       1
END OF MODULE INFORMATION.


C51 COMPILATION COMPLETE.  0 WARNING(S),  0 ERROR(S)
