C51 COMPILER V9.59.0.0   SHUJU                                                             04/08/2022 09:44:20 PAGE 1   


C51 COMPILER V9.59.0.0, COMPILATION OF MODULE SHUJU
OBJECT MODULE PLACED IN .\Objects\shuju.obj
COMPILER INVOKED BY: D:\Keil_v5\C51\BIN\C51.EXE shuju.c OPTIMIZE(8,SPEED) BROWSE DEBUG OBJECTEXTEND PRINT(.\Listings\shu
                    -ju.lst) TABS(2) OBJECT(.\Objects\shuju.obj)

line level    source

   1          /*****************************************************************************
   2          File name: shuju
   3          Description: 数据采集系统设计
   4          Author: 熊康
   5          Version: V1.0
   6          Date: 2022.4.8
   7          *****************************************************************************/
   8          #include <C8051F020.H>
   9          #include "ZLG7289.h"
  10          
  11          
  12          sfr16 DP = 0x82;//数据指针
  13          sfr16 TMR3RL=0X92;//定时器3重装值
  14          sfr16 TMR3=0X94 ;//定时器3计数器
  15          sfr16 ADC0=0XBE ;//ADco数据
  16          sfr16 ADC0GT =0XC4 ;//ADC0大于窗口
  17          sfr16 ADC0LT =0XC6 ;//ADCo小于窗口
  18          #define SYSCLK 24000000//系统时钟频率
  19          #define SAMPLERATE0 50000//lADCO采样频率
  20          #define INT_DEC 256//均值滤波计数值
  21          void Sysclk_Init (void) ;
  22          void Port_Init (void) ;
  23          void ADC0_Init (void) ;
  24          void Timer3_Init (int counts) ;
  25          void ADC0_ISR (void);
  26          long result;//数字滤波后的结果
  27            
  28          void delay (int n) {  
  29   1        int i;
  30   1        while (n--){
  31   2          for (i = 0; i <3000; i++);
  32   2        }
  33   1      }
  34          
  35          void main (void){
  36   1        long temprature ;
  37   1        //精度为百分之一的温度值
  38   1        int temp_int, temp_frac;
  39   1        //温度的整数部分和小数部分
  40   1        WDTCN = 0xde ;
  41   1        WDTCN = 0xad ;
  42   1        
  43   1        Sysclk_Init( ) ;
  44   1        Port_Init();
  45   1        Timer3_Init (SYSCLK/SAMPLERATE0);
  46   1        ADC0_Init () ;
  47   1        ZLG7289_Init (35);
  48   1        ZLG7289_Reset () ;
  49   1        AD0EN = 1 ;
  50   1        EA = 1;
  51   1        while (1){
  52   2        EA= 0;
  53   2        temprature = result;
  54   2        EA = 1;
C51 COMPILER V9.59.0.0   SHUJU                                                             04/08/2022 09:44:20 PAGE 2   

  55   2        // temprature = temprature - 41758;
  56   2        // temprature = (temprature *100L)/ 154 ;//分离整数与小数
  57   2        temp_int = temprature /100 ;
  58   2        temp_frac = temprature - (temp_int * 100);//显示温度值
  59   2        ZLG7289_Download (0, 0, 0, temp_int%100/10) ;
  60   2        ZLG7289_Download (0, 1, 1, temp_int%10);
  61   2        ZLG7289_Download (0, 2,0, temp_frac/10) ;
  62   2        ZLG7289_Download (0, 3, 0, temp_frac%10);
  63   2        delay (50);
  64   2        }
  65   1      }
  66          
  67          void Sysclk_Init( ) {
  68   1        int i ;
  69   1        OSCXCN = 0x67;
  70   1        for (i = 0 ; i <256; i++);
  71   1        while ( ! (OSCXCN &0x80));
  72   1        OSCICN = 0x88 ;
  73   1      }
  74          
  75          void Port_Init () {
  76   1        XBR1 =0x00 ;
  77   1        XBR2= 0x40;
  78   1        P0MDOUT |= 0x01 ;//使能Txo推挽输出
  79   1      }
  80          
  81          void ADC0_Init() {
  82   1        ADC0CN = 0X05;
  83   1        //ADCO禁止;正常跟踪mode;定时器3溢出ADco转换开始
  84   1        //ADCO数据左对齐
  85   1        REF0CN |= 0X07;
  86   1        //允许温度传感器片内Vref和vref输出缓冲器0000_0111
  87   1        AMX0SL |= 0X0F;
  88   1        //选择温度传感器作为ADc多路模拟转换输出
  89   1        ADC0CF = (SYSCLK / 2500000 - 1)<<3;
  90   1        //ADc时钟
  91   1        ADC0CF |=0x01;
  92   1        // PGA增益=2
  93   1        EIE2 |=0x02;
  94   1          //允许ADC中断
  95   1      }
  96          void Timer3_Init (int counts) {
  97   1        TMR3CN = 0x02;//停止定时器3，清除TF3;使用系统时钟作为时基
  98   1        TMR3RL = -counts ;//初始化重装值
  99   1        TMR3 = 0XFFFF;//设置立即重装
 100   1        EIE2 &= ~0X01;//禁止定时器3中断
 101   1                      //l1111_1110
 102   1        TMR3CN |=0x04 ;//启动定时器3
 103   1      }
 104          void ADC0_ISR()interrupt 15{
 105   1        static unsigned int_dec =INT_DEC;//数字滤波计数值
 106   1        static long accumulator = 0L;
 107   1        AD0INT = 0 ;//清除adc转换结束标志
 108   1        accumulator += ADC0 ;//读adc值并加到运行总数中
 109   1        int_dec--;//更新滤波计数值
 110   1        if(int_dec == 0)
 111   1          {
 112   2            int_dec =INT_DEC;//重设计数器
 113   2            result =accumulator >>8; //求平均值
 114   2            accumulator = 0L;//复位accumulator
 115   2          }
 116   1      }
C51 COMPILER V9.59.0.0   SHUJU                                                             04/08/2022 09:44:20 PAGE 3   



MODULE INFORMATION:   STATIC OVERLAYABLE
   CODE SIZE        =    425    ----
   CONSTANT SIZE    =   ----    ----
   XDATA SIZE       =   ----    ----
   PDATA SIZE       =   ----    ----
   DATA SIZE        =     10       8
   IDATA SIZE       =   ----    ----
   BIT SIZE         =   ----    ----
END OF MODULE INFORMATION.


C51 COMPILATION COMPLETE.  0 WARNING(S),  0 ERROR(S)
